mylibrary5555/build/outputs/logs/manifest-merger-debug-report.txt
-- Merging decision tree log ---
manifest
ADDED from src\main\AndroidManifest.xml:1:1-10:12
	package
		ADDED from src\main\AndroidManifest.xml:3:5-35
	android:versionName
		INJECTED from src\main\AndroidManifest.xml
		INJECTED from src\main\AndroidManifest.xml
	xmlns:android
		ADDED from src\main\AndroidManifest.xml:1:11-69
	android:versionCode
		INJECTED from src\main\AndroidManifest.xml
		INJECTED from src\main\AndroidManifest.xml
application
ADDED from src\main\AndroidManifest.xml:5:5-8:19
MERGED from [AnshayWeather:app:unspecified] AndroidManifest.xml:13:5-33:19
MERGED from [com.android.support:appcompat-v7:26.0.0-alpha1] AndroidManifest.xml:29:5-20
MERGED from [com.android.support:support-v4:26.0.0-alpha1] AndroidManifest.xml:29:5-20
MERGED from [com.android.support:support-media-compat:26.0.0-alpha1] AndroidManifest.xml:29:5-20
MERGED from [com.android.support:support-fragment:26.0.0-alpha1] AndroidManifest.xml:29:5-20
MERGED from [com.android.support:support-core-ui:26.0.0-alpha1] AndroidManifest.xml:29:5-20
MERGED from [com.android.support:support-core-utils:26.0.0-alpha1] AndroidManifest.xml:29:5-20
MERGED from [com.android.support:animated-vector-drawable:26.0.0-alpha1] AndroidManifest.xml:26:5-20
MERGED from [com.android.support:support-vector-drawable:26.0.0-alpha1] AndroidManifest.xml:26:5-20
MERGED from [com.android.support:support-compat:26.0.0-alpha1] AndroidManifest.xml:29:5-20
MERGED from [com.android.support.constraint:constraint-layout:1.0.2] AndroidManifest.xml:9:5-20
MERGED from [org.litepal.android:core:1.5.1] AndroidManifest.xml:11:5-14:19
MERGED from [com.gaoneng.library:autoscrollbacklayout:1.1.1] AndroidManifest.xml:11:5-20
	android:label
		ADDED from src\main\AndroidManifest.xml:5:45-77
	android:supportsRtl
		ADDED from src\main\AndroidManifest.xml:6:9-35
	android:roundIcon
		ADDED from [AnshayWeather:app:unspecified] AndroidManifest.xml:16:9-54
	android:allowBackup
		ADDED from src\main\AndroidManifest.xml:5:18-44
	android:theme
		ADDED from [AnshayWeather:app:unspecified] AndroidManifest.xml:18:9-40
	android:name
		ADDED from [AnshayWeather:app:unspecified] AndroidManifest.xml:14:9-54
uses-sdk
INJECTED from src\main\AndroidManifest.xml reason: use-sdk injection requested
MERGED from [AnshayWeather:app:unspecified] AndroidManifest.xml:5:5-7:41
MERGED from [com.android.support:appcompat-v7:26.0.0-alpha1] AndroidManifest.xml:21:5-23:78
MERGED from [com.android.support:support-v4:26.0.0-alpha1] AndroidManifest.xml:21:5-23:54
MERGED from [com.android.support:support-media-compat:26.0.0-alpha1] AndroidManifest.xml:21:5-23:63
MERGED from [com.android.support:support-fragment:26.0.0-alpha1] AndroidManifest.xml:21:5-23:60
MERGED from [com.android.support:support-core-ui:26.0.0-alpha1] AndroidManifest.xml:21:5-23:58
MERGED from [com.android.support:support-core-utils:26.0.0-alpha1] AndroidManifest.xml:21:5-23:61
MERGED from [com.android.support:animated-vector-drawable:26.0.0-alpha1] AndroidManifest.xml:20:5-44
MERGED from [com.android.support:support-vector-drawable:26.0.0-alpha1] AndroidManifest.xml:20:5-44
MERGED from [com.android.support:support-compat:26.0.0-alpha1] AndroidManifest.xml:21:5-23:58
MERGED from [com.android.support.constraint:constraint-layout:1.0.2] AndroidManifest.xml:5:5-7:41
MERGED from [org.litepal.android:core:1.5.1] AndroidManifest.xml:7:5-9:41
MERGED from [com.gaoneng.library:autoscrollbacklayout:1.1.1] AndroidManifest.xml:7:5-9:41
	tools:overrideLibrary
		ADDED from [com.android.support:appcompat-v7:26.0.0-alpha1] AndroidManifest.xml:23:9-75
	android:targetSdkVersion
		INJECTED from src\main\AndroidManifest.xml
		INJECTED from src\main\AndroidManifest.xml
	android:minSdkVersion
		INJECTED from src\main\AndroidManifest.xml
		INJECTED from src\main\AndroidManifest.xml
uses-permission#android.permission.INTERNET
ADDED from [AnshayWeather:app:unspecified] AndroidManifest.xml:9:5-67
	android:name
		ADDED from [AnshayWeather:app:unspecified] AndroidManifest.xml:9:22-64
activity#com.anshayweather.activity.WellcomeActivity
ADDED from [AnshayWeather:app:unspecified] AndroidManifest.xml:19:9-25:20
	android:name
		ADDED from [AnshayWeather:app:unspecified] AndroidManifest.xml:19:19-77
activity#com.anshayweather.activity.WeatherActivity
ADDED from [AnshayWeather:app:unspecified] AndroidManifest.xml:26:9-79
	android:name
		ADDED from [AnshayWeather:app:unspecified] AndroidManifest.xml:26:19-76
activity#com.anshayweather.activity.ChooseAreaActivity
ADDED from [AnshayWeather:app:unspecified] AndroidManifest.xml:27:9-82
	android:name
		ADDED from [AnshayWeather:app:unspecified] AndroidManifest.xml:27:19-79
service#com.anshayweather.service.AutoUpdateService
ADDED from [AnshayWeather:app:unspecified] AndroidManifest.xml:29:9-32:39
	android:enabled
		ADDED from [AnshayWeather:app:unspecified] AndroidManifest.xml:31:13-35
	android:exported
		ADDED from [AnshayWeather:app:unspecified] AndroidManifest.xml:32:13-36
	android:name
		ADDED from [AnshayWeather:app:unspecified] AndroidManifest.xml:30:13-71
meta-data#android.support.VERSION
ADDED from [com.android.support:appcompat-v7:26.0.0-alpha1] AndroidManifest.xml:25:5-27:41
MERGED from [com.android.support:support-v4:26.0.0-alpha1] AndroidManifest.xml:25:5-27:41
MERGED from [com.android.support:support-media-compat:26.0.0-alpha1] AndroidManifest.xml:25:5-27:41
MERGED from [com.android.support:support-fragment:26.0.0-alpha1] AndroidManifest.xml:25:5-27:41
MERGED from [com.android.support:support-core-ui:26.0.0-alpha1] AndroidManifest.xml:25:5-27:41
MERGED from [com.android.support:support-core-utils:26.0.0-alpha1] AndroidManifest.xml:25:5-27:41
MERGED from [com.android.support:animated-vector-drawable:26.0.0-alpha1] AndroidManifest.xml:22:5-24:41
MERGED from [com.android.support:support-vector-drawable:26.0.0-alpha1] AndroidManifest.xml:22:5-24:41
MERGED from [com.android.support:support-compat:26.0.0-alpha1] AndroidManifest.xml:25:5-27:41
	android:value
		ADDED from [com.android.support:appcompat-v7:26.0.0-alpha1] AndroidManifest.xml:27:9-38
	android:name
		ADDED from [com.android.support:appcompat-v7:26.0.0-alpha1] AndroidManifest.xml:26:9-47